2022-01-28 18:39:17,492:WARNING:discord.client: PyNaCl is not installed, voice will NOT be supported
2022-01-28 18:39:17,498:DEBUG:discord.client: on_ready has successfully been registered as an event
2022-01-28 18:39:17,498:DEBUG:discord.client: on_member_join has successfully been registered as an event
2022-01-28 18:39:17,499:INFO:discord.client: logging in using static token
2022-01-28 18:39:18,210:DEBUG:discord.http: GET https://discord.com/api/v8/users/@me with None has returned 200
2022-01-28 18:39:18,211:DEBUG:discord.http: GET https://discord.com/api/v8/users/@me has received {'id': '936140590691794974', 'username': 'gwg_bot testing', 'avatar': None, 'discriminator': '0244', 'public_flags': 0, 'flags': 0, 'bot': True, 'banner': None, 'banner_color': None, 'accent_color': None, 'bio': '', 'locale': 'en-US', 'mfa_enabled': True, 'email': None, 'verified': True}
2022-01-28 18:39:18,745:DEBUG:discord.http: GET https://discord.com/api/v8/oauth2/applications/@me with None has returned 200
2022-01-28 18:39:18,760:DEBUG:discord.http: GET https://discord.com/api/v8/oauth2/applications/@me has received {'id': '936140590691794974', 'name': 'gwg_bot testing', 'icon': None, 'description': '', 'summary': '', 'type': None, 'hook': True, 'bot_public': True, 'bot_require_code_grant': False, 'verify_key': '82d894b0890613912ea86feebf2957428c55421ab6e95567e6c5f2259f060892', 'owner': {'id': '772451226251165736', 'username': '.Kittycat', 'avatar': '7ad42f8f166e9918b4289ad3debeb28e', 'discriminator': '5642', 'public_flags': 64, 'flags': 64}, 'flags': 565248, 'team': None}
2022-01-28 18:39:19,401:DEBUG:discord.http: PUT https://discord.com/api/v8/applications/936140590691794974/guilds/868405594187518003/commands with [{"name":"suggest","description":"no description","options":[{"type":3,"name":"msg","required":true,"description":"no description"}]},{"name":"ping","description":"no description","options":[]},{"name":"help","description":"Shows this message","options":[{"type":3,"name":"command","required":false,"description":"no description"}]}] has returned 200
2022-01-28 18:39:19,401:DEBUG:discord.http: PUT https://discord.com/api/v8/applications/936140590691794974/guilds/868405594187518003/commands has received [{'id': '936485807349444679', 'application_id': '936140590691794974', 'version': '936485807349444681', 'default_permission': True, 'default_member_permissions': None, 'type': 1, 'name': 'suggest', 'name_localizations': None, 'description': 'no description', 'description_localizations': None, 'guild_id': '868405594187518003', 'options': [{'type': 3, 'name': 'msg', 'name_localizations': None, 'description': 'no description', 'description_localizations': None, 'required': True}]}, {'id': '936485807349444678', 'application_id': '936140590691794974', 'version': '936485807349444680', 'default_permission': True, 'default_member_permissions': None, 'type': 1, 'name': 'ping', 'name_localizations': None, 'description': 'no description', 'description_localizations': None, 'guild_id': '868405594187518003'}, {'id': '936168465834868757', 'application_id': '936140590691794974', 'version': '936168465834868759', 'default_permission': True, 'default_member_permissions': None, 'type': 1, 'name': 'help', 'name_localizations': None, 'description': 'Shows this message', 'description_localizations': None, 'guild_id': '868405594187518003', 'options': [{'type': 3, 'name': 'command', 'name_localizations': None, 'description': 'no description', 'description_localizations': None}]}]
2022-01-28 18:39:19,507:DEBUG:discord.http: GET https://discord.com/api/v8/gateway with None has returned 200
2022-01-28 18:39:19,507:DEBUG:discord.http: GET https://discord.com/api/v8/gateway has received {'url': 'wss://gateway.discord.gg'}
2022-01-28 18:39:20,351:DEBUG:discord.gateway: Created websocket connected to wss://gateway.discord.gg?encoding=json&v=9&compress=zlib-stream
2022-01-28 18:39:20,351:DEBUG:discord.gateway: For Shard ID None: WebSocket Event: {'t': None, 's': None, 'op': 10, 'd': {'heartbeat_interval': 41250, '_trace': ['["gateway-prd-main-7vsp",{"micros":0.0}]']}}
2022-01-28 18:39:20,367:INFO:discord.gateway: Shard ID None has sent the IDENTIFY payload.
2022-01-28 18:39:20,753:INFO:discord.client: Received signal to terminate bot and event loop.
2022-01-28 18:39:20,754:INFO:discord.client: Cleaning up tasks.
2022-01-28 18:39:20,754:INFO:discord.client: Cleaning up after 3 tasks.
2022-01-28 18:39:21,228:INFO:discord.client: All tasks finished cancelling.
2022-01-28 18:39:21,228:INFO:discord.client: Closing the event loop.
